\BOOKMARK [1][-]{section.1}{\376\377\000I\000n\000t\000r\000o\000d\000u\000z\000i\000o\000n\000e}{}% 1
\BOOKMARK [2][-]{subsection.1.1}{\376\377\000Q\000u\000o\000t\000a\000\040\000d\000i\000\040\000p\000a\000r\000t\000e\000c\000i\000p\000a\000z\000i\000o\000n\000e}{section.1}% 2
\BOOKMARK [2][-]{subsection.1.2}{\376\377\000C\000o\000m\000p\000e\000t\000i\000z\000i\000o\000n\000i}{section.1}% 3
\BOOKMARK [2][-]{subsection.1.3}{\376\377\000P\000r\000e\000m\000i\000\040\000F\000i\000n\000a\000l\000i}{section.1}% 4
\BOOKMARK [1][-]{section.2}{\376\377\000F\000a\000n\000t\000a\000s\000q\000u\000a\000d\000r\000e}{}% 5
\BOOKMARK [2][-]{subsection.2.1}{\376\377\000P\000a\000r\000t\000e\000c\000i\000p\000a\000n\000t\000i}{section.2}% 6
\BOOKMARK [2][-]{subsection.2.2}{\376\377\000R\000o\000s\000a\000\040\000F\000a\000n\000t\000a\000s\000q\000u\000a\000d\000r\000a}{section.2}% 7
\BOOKMARK [1][-]{section.3}{\376\377\000S\000e\000s\000s\000i\000o\000n\000i\000\040\000d\000i\000\040\000m\000e\000r\000c\000a\000t\000o}{}% 8
\BOOKMARK [2][-]{subsection.3.1}{\376\377\000A\000s\000t\000a\000\040\000i\000n\000i\000z\000i\000a\000l\000e}{section.3}% 9
\BOOKMARK [2][-]{subsection.3.2}{\376\377\000M\000e\000r\000c\000a\000t\000o\000\040\000d\000i\000\040\000r\000i\000p\000a\000r\000a\000z\000i\000o\000n\000e}{section.3}% 10
\BOOKMARK [3][-]{subsubsection.3.2.1}{\376\377\000S\000c\000a\000m\000b\000i\000\040\000d\000i\000\040\000R\000i\000p\000a\000r\000a\000z\000i\000o\000n\000e}{subsection.3.2}% 11
\BOOKMARK [3][-]{subsubsection.3.2.2}{\376\377\000A\000s\000t\000a\000\040\000d\000i\000\040\000R\000i\000p\000a\000r\000a\000z\000i\000o\000n\000e}{subsection.3.2}% 12
\BOOKMARK [3][-]{subsubsection.3.2.3}{\376\377\000S\000c\000a\000m\000b\000i\000\040\000d\000i\000\040\000R\000i\000p\000a\000r\000a\000z\000i\000o\000n\000e}{subsection.3.2}% 13
\BOOKMARK [2][-]{subsection.3.3}{\376\377\000S\000e\000s\000s\000i\000o\000n\000i\000\040\000d\000i\000\040\000s\000c\000a\000m\000b\000i}{section.3}% 14
\BOOKMARK [3][-]{subsubsection.3.3.1}{\376\377\000S\000e\000s\000s\000i\000o\000n\000i\000\040\000d\000i\000\040\000s\000c\000a\000m\000b\000i}{subsection.3.3}% 15
\BOOKMARK [3][-]{subsubsection.3.3.2}{\376\377\000S\000c\000a\000m\000b\000i\000\040\000d\000i\000\040\000R\000i\000p\000a\000r\000a\000z\000i\000o\000n\000e}{subsection.3.3}% 16
\BOOKMARK [1][-]{section.4}{\376\377\000C\000o\000m\000p\000e\000t\000i\000z\000i\000o\000n\000i}{}% 17
\BOOKMARK [2][-]{subsection.4.1}{\376\377\000S\000e\000r\000i\000e\000\040\000R}{section.4}% 18
\BOOKMARK [2][-]{subsection.4.2}{\376\377\000R\000o\000n\000c\000h\000e\000t\000t\000o\000\040\000L\000e\000a\000g\000u\000e}{section.4}% 19
\BOOKMARK [2][-]{subsection.4.3}{\376\377\000E\000u\000r\000o\000p\000a\000\040\000L\000e\000a\000g\000u\000e}{section.4}% 20
\BOOKMARK [3][-]{subsubsection.4.3.1}{\376\377\000F\000a\000s\000e\000\040\000d\000e\000i\000\040\000P\000l\000a\000y\000-\000o\000f\000f}{subsection.4.3}% 21
\BOOKMARK [3][-]{subsubsection.4.3.2}{\376\377\000F\000a\000s\000e\000\040\000a\000\040\000E\000l\000i\000m\000i\000n\000a\000z\000i\000o\000n\000e\000\040\000D\000i\000r\000e\000t\000t\000a}{subsection.4.3}% 22
\BOOKMARK [1][-]{section.5}{\376\377\000S\000i\000s\000t\000e\000m\000a\000\040\000d\000i\000\040\000C\000a\000l\000c\000o\000l\000o}{}% 23
\BOOKMARK [2][-]{subsection.5.1}{\376\377\000F\000o\000r\000m\000a\000z\000i\000o\000n\000e}{section.5}% 24
\BOOKMARK [2][-]{subsection.5.2}{\376\377\000S\000o\000s\000t\000i\000t\000u\000z\000i\000o\000n\000i}{section.5}% 25
\BOOKMARK [3][-]{subsubsection.5.2.1}{\376\377\000F\000u\000n\000z\000i\000o\000n\000e\000\040\000S\000w\000i\000t\000c\000h}{subsection.5.2}% 26
\BOOKMARK [2][-]{subsection.5.3}{\376\377\000B\000o\000n\000u\000s\000\040\000e\000\040\000M\000a\000l\000u\000s}{section.5}% 27
\BOOKMARK [3][-]{subsubsection.5.3.1}{\376\377\000B\000o\000n\000u\000s}{subsection.5.3}% 28
\BOOKMARK [3][-]{subsubsection.5.3.2}{\376\377\000M\000a\000l\000u\000s}{subsection.5.3}% 29
\BOOKMARK [3][-]{subsubsection.5.3.3}{\376\377\000M\000o\000d\000i\000f\000i\000c\000a\000t\000o\000r\000e\000\040\000D\000i\000f\000e\000s\000a}{subsection.5.3}% 30
\BOOKMARK [3][-]{subsubsection.5.3.4}{\376\377\000C\000a\000p\000i\000t\000a\000n\000o\000\040\000e\000\040\000V\000i\000c\000e\000-\000C\000a\000p\000i\000t\000a\000n\000o}{subsection.5.3}% 31
\BOOKMARK [2][-]{subsection.5.4}{\376\377\000F\000a\000s\000c\000e\000\040\000G\000o\000l}{section.5}% 32
\BOOKMARK [2][-]{subsection.5.5}{\376\377\000F\000a\000s\000e\000\040\000a\000d\000\040\000e\000l\000i\000m\000i\000n\000a\000z\000i\000o\000n\000e\000\040\000d\000i\000r\000e\000t\000t\000a}{section.5}% 33
\BOOKMARK [3][-]{subsubsection.5.5.1}{\376\377\000S\000u\000p\000p\000l\000e\000m\000e\000n\000t\000a\000r\000i}{subsection.5.5}% 34
\BOOKMARK [3][-]{subsubsection.5.5.2}{\376\377\000R\000i\000g\000o\000r\000i}{subsection.5.5}% 35
\BOOKMARK [1][-]{section.6}{\376\377\000S\000i\000t\000u\000a\000z\000i\000o\000n\000i\000\040\000a\000n\000o\000m\000a\000l\000e}{}% 36
\BOOKMARK [2][-]{subsection.6.1}{\376\377\000P\000a\000r\000t\000i\000t\000e\000\040\000P\000o\000s\000t\000i\000c\000i\000p\000a\000t\000e\000s}{section.6}% 37
\BOOKMARK [2][-]{subsection.6.2}{\376\377\000C\000a\000m\000p\000i\000o\000n\000a\000t\000o\000\040\000I\000n\000t\000e\000r\000r\000o\000t\000t\000o}{section.6}% 38
\BOOKMARK [2][-]{subsection.6.3}{\376\377\000G\000i\000o\000c\000a\000t\000o\000r\000i\000\040\000n\000o\000n\000\040\000s\000v\000i\000n\000c\000o\000l\000a\000b\000i\000l\000i}{section.6}% 39
\BOOKMARK [1][-]{section.7}{\376\377\000P\000e\000n\000a\000l\000i\000t\000\340}{}% 40
\BOOKMARK [1][-]{section.8}{\376\377\000V\000o\000t\000a\000z\000i\000o\000n\000i}{}% 41
\BOOKMARK [1][-]{section.9}{\376\377\000C\000a\000l\000e\000n\000d\000a\000r\000i\000o}{}% 42
